  [1m[35m (16.6ms)[0m  [1m[35mCREATE TABLE "schema_migrations" ("version" character varying NOT NULL PRIMARY KEY)[0m
  [1m[35m (11.7ms)[0m  [1m[35mCREATE TABLE "ar_internal_metadata" ("key" character varying NOT NULL PRIMARY KEY, "value" character varying, "created_at" timestamp NOT NULL, "updated_at" timestamp NOT NULL)[0m
  [1m[35m (0.2ms)[0m  [1m[34mSELECT pg_try_advisory_lock(16301632462094070)[0m
  [1m[35m (0.4ms)[0m  [1m[34mSELECT "schema_migrations"."version" FROM "schema_migrations" ORDER BY "schema_migrations"."version" ASC[0m
Migrating to CreateProposals (20180906075745)
  [1m[35m (0.8ms)[0m  [1m[35mBEGIN[0m
  [1m[35m (7.4ms)[0m  [1m[35mCREATE TABLE "proposals" ("id" bigserial primary key, "customer" character varying, "portfolio_url" character varying, "tools" character varying, "estimated_hours" decimal, "hourly_rate" decimal, "weeks_to_complete" integer, "client_email" character varying, "created_at" timestamp NOT NULL, "updated_at" timestamp NOT NULL)[0m
  [1m[35mSQL (0.4ms)[0m  [1m[32mINSERT INTO "schema_migrations" ("version") VALUES ($1) RETURNING "version"[0m  [["version", "20180906075745"]]
  [1m[35m (2.4ms)[0m  [1m[35mCOMMIT[0m
  [1m[36mActiveRecord::InternalMetadata Load (0.3ms)[0m  [1m[34mSELECT  "ar_internal_metadata".* FROM "ar_internal_metadata" WHERE "ar_internal_metadata"."key" = $1 LIMIT $2[0m  [["key", "environment"], ["LIMIT", 1]]
  [1m[35m (0.2ms)[0m  [1m[35mBEGIN[0m
  [1m[35mSQL (0.4ms)[0m  [1m[32mINSERT INTO "ar_internal_metadata" ("key", "value", "created_at", "updated_at") VALUES ($1, $2, $3, $4) RETURNING "key"[0m  [["key", "environment"], ["value", "development"], ["created_at", "2018-09-06 07:58:05.268600"], ["updated_at", "2018-09-06 07:58:05.268600"]]
  [1m[35m (1.0ms)[0m  [1m[35mCOMMIT[0m
  [1m[35m (0.2ms)[0m  [1m[34mSELECT pg_advisory_unlock(16301632462094070)[0m
  [1m[35m (0.3ms)[0m  [1m[34mSELECT "schema_migrations"."version" FROM "schema_migrations" ORDER BY "schema_migrations"."version" ASC[0m
  [1m[35m (0.5ms)[0m  [1m[34mSELECT "schema_migrations"."version" FROM "schema_migrations" ORDER BY "schema_migrations"."version" ASC[0m
  [1m[35m (0.6ms)[0m  [1m[34mSELECT "schema_migrations"."version" FROM "schema_migrations" ORDER BY "schema_migrations"."version" ASC[0m
  [1m[35m (0.1ms)[0m  [1m[35mBEGIN[0m
  [1m[35mSQL (0.7ms)[0m  [1m[32mINSERT INTO "proposals" ("customer", "portfolio_url", "tools", "estimated_hours", "hourly_rate", "weeks_to_complete", "client_email", "created_at", "updated_at") VALUES ($1, $2, $3, $4, $5, $6, $7, $8, $9) RETURNING "id"[0m  [["customer", "Customer 0"], ["portfolio_url", "http://wkostanski.pl"], ["tools", "Ruby on Rails, Angular 2, and Postgres"], ["estimated_hours", "80.0"], ["hourly_rate", "120.0"], ["weeks_to_complete", 12], ["client_email", "jordan@devcamp.com"], ["created_at", "2018-09-06 07:58:35.543100"], ["updated_at", "2018-09-06 07:58:35.543100"]]
  [1m[35m (3.3ms)[0m  [1m[35mCOMMIT[0m
  [1m[35m (0.3ms)[0m  [1m[35mBEGIN[0m
  [1m[35mSQL (0.4ms)[0m  [1m[32mINSERT INTO "proposals" ("customer", "portfolio_url", "tools", "estimated_hours", "hourly_rate", "weeks_to_complete", "client_email", "created_at", "updated_at") VALUES ($1, $2, $3, $4, $5, $6, $7, $8, $9) RETURNING "id"[0m  [["customer", "Customer 1"], ["portfolio_url", "http://wkostanski.pl"], ["tools", "Ruby on Rails, Angular 2, and Postgres"], ["estimated_hours", "81.0"], ["hourly_rate", "120.0"], ["weeks_to_complete", 12], ["client_email", "jordan@devcamp.com"], ["created_at", "2018-09-06 07:58:35.549856"], ["updated_at", "2018-09-06 07:58:35.549856"]]
  [1m[35m (2.2ms)[0m  [1m[35mCOMMIT[0m
  [1m[35m (0.1ms)[0m  [1m[35mBEGIN[0m
  [1m[35mSQL (0.3ms)[0m  [1m[32mINSERT INTO "proposals" ("customer", "portfolio_url", "tools", "estimated_hours", "hourly_rate", "weeks_to_complete", "client_email", "created_at", "updated_at") VALUES ($1, $2, $3, $4, $5, $6, $7, $8, $9) RETURNING "id"[0m  [["customer", "Customer 2"], ["portfolio_url", "http://wkostanski.pl"], ["tools", "Ruby on Rails, Angular 2, and Postgres"], ["estimated_hours", "82.0"], ["hourly_rate", "120.0"], ["weeks_to_complete", 12], ["client_email", "jordan@devcamp.com"], ["created_at", "2018-09-06 07:58:35.553974"], ["updated_at", "2018-09-06 07:58:35.553974"]]
  [1m[35m (1.9ms)[0m  [1m[35mCOMMIT[0m
  [1m[35m (0.1ms)[0m  [1m[35mBEGIN[0m
  [1m[35mSQL (0.2ms)[0m  [1m[32mINSERT INTO "proposals" ("customer", "portfolio_url", "tools", "estimated_hours", "hourly_rate", "weeks_to_complete", "client_email", "created_at", "updated_at") VALUES ($1, $2, $3, $4, $5, $6, $7, $8, $9) RETURNING "id"[0m  [["customer", "Customer 3"], ["portfolio_url", "http://wkostanski.pl"], ["tools", "Ruby on Rails, Angular 2, and Postgres"], ["estimated_hours", "83.0"], ["hourly_rate", "120.0"], ["weeks_to_complete", 12], ["client_email", "jordan@devcamp.com"], ["created_at", "2018-09-06 07:58:35.557317"], ["updated_at", "2018-09-06 07:58:35.557317"]]
  [1m[35m (1.9ms)[0m  [1m[35mCOMMIT[0m
  [1m[35m (0.1ms)[0m  [1m[35mBEGIN[0m
  [1m[35mSQL (0.2ms)[0m  [1m[32mINSERT INTO "proposals" ("customer", "portfolio_url", "tools", "estimated_hours", "hourly_rate", "weeks_to_complete", "client_email", "created_at", "updated_at") VALUES ($1, $2, $3, $4, $5, $6, $7, $8, $9) RETURNING "id"[0m  [["customer", "Customer 4"], ["portfolio_url", "http://wkostanski.pl"], ["tools", "Ruby on Rails, Angular 2, and Postgres"], ["estimated_hours", "84.0"], ["hourly_rate", "120.0"], ["weeks_to_complete", 12], ["client_email", "jordan@devcamp.com"], ["created_at", "2018-09-06 07:58:35.560423"], ["updated_at", "2018-09-06 07:58:35.560423"]]
  [1m[35m (2.9ms)[0m  [1m[35mCOMMIT[0m
Started GET "/" for 127.0.0.1 at 2018-09-06 10:00:20 +0200
  [1m[35m (0.6ms)[0m  [1m[34mSELECT "schema_migrations"."version" FROM "schema_migrations" ORDER BY "schema_migrations"."version" ASC[0m
Processing by Rails::WelcomeController#index as HTML
  Rendering /home/wojtek/.rbenv/versions/2.4.0/lib/ruby/gems/2.4.0/gems/railties-5.1.6/lib/rails/templates/rails/welcome/index.html.erb
  Rendered /home/wojtek/.rbenv/versions/2.4.0/lib/ruby/gems/2.4.0/gems/railties-5.1.6/lib/rails/templates/rails/welcome/index.html.erb (1.8ms)
Completed 200 OK in 4ms (Views: 3.8ms | ActiveRecord: 0.0ms)


Started GET "/proposals" for 127.0.0.1 at 2018-09-06 10:00:27 +0200
Processing by ProposalsController#index as HTML
  [1m[36mProposal Load (0.6ms)[0m  [1m[34mSELECT "proposals".* FROM "proposals"[0m
Completed 200 OK in 44ms (Views: 27.8ms | ActiveRecord: 11.9ms)


