  [1m[35m (10.9ms)[0m  [1m[35mCREATE TABLE "schema_migrations" ("version" character varying NOT NULL PRIMARY KEY)[0m
  [1m[35m (7.4ms)[0m  [1m[35mCREATE TABLE "ar_internal_metadata" ("key" character varying NOT NULL PRIMARY KEY, "value" character varying, "created_at" timestamp NOT NULL, "updated_at" timestamp NOT NULL)[0m
  [1m[35m (0.2ms)[0m  [1m[34mSELECT pg_try_advisory_lock(7556010932878273425)[0m
  [1m[35m (0.7ms)[0m  [1m[34mSELECT "schema_migrations"."version" FROM "schema_migrations" ORDER BY "schema_migrations"."version" ASC[0m
Migrating to CreateFreelanceDocuments (20180906071257)
  [1m[35m (0.2ms)[0m  [1m[35mBEGIN[0m
  [1m[35m (7.1ms)[0m  [1m[35mCREATE TABLE "freelance_documents" ("id" bigserial primary key, "tittle" character varying, "description" character varying, "file_url" text, "image_url" text, "created_at" timestamp NOT NULL, "updated_at" timestamp NOT NULL)[0m
  [1m[35mSQL (0.3ms)[0m  [1m[32mINSERT INTO "schema_migrations" ("version") VALUES ($1) RETURNING "version"[0m  [["version", "20180906071257"]]
  [1m[35m (2.4ms)[0m  [1m[35mCOMMIT[0m
  [1m[36mActiveRecord::InternalMetadata Load (0.2ms)[0m  [1m[34mSELECT  "ar_internal_metadata".* FROM "ar_internal_metadata" WHERE "ar_internal_metadata"."key" = $1 LIMIT $2[0m  [["key", "environment"], ["LIMIT", 1]]
  [1m[35m (0.1ms)[0m  [1m[35mBEGIN[0m
  [1m[35mSQL (0.3ms)[0m  [1m[32mINSERT INTO "ar_internal_metadata" ("key", "value", "created_at", "updated_at") VALUES ($1, $2, $3, $4) RETURNING "key"[0m  [["key", "environment"], ["value", "development"], ["created_at", "2018-09-06 07:18:30.342125"], ["updated_at", "2018-09-06 07:18:30.342125"]]
  [1m[35m (0.8ms)[0m  [1m[35mCOMMIT[0m
  [1m[35m (0.2ms)[0m  [1m[34mSELECT pg_advisory_unlock(7556010932878273425)[0m
  [1m[35m (0.7ms)[0m  [1m[34mSELECT "schema_migrations"."version" FROM "schema_migrations" ORDER BY "schema_migrations"."version" ASC[0m
  [1m[35m (0.6ms)[0m  [1m[34mSELECT "schema_migrations"."version" FROM "schema_migrations" ORDER BY "schema_migrations"."version" ASC[0m
  [1m[35m (0.3ms)[0m  [1m[34mSELECT "ar_internal_metadata"."value" FROM "ar_internal_metadata" WHERE "ar_internal_metadata"."key" = $1[0m  [["key", "environment"]]
  [1m[35m (0.2ms)[0m  [1m[34mSELECT "schema_migrations"."version" FROM "schema_migrations" ORDER BY "schema_migrations"."version" ASC[0m
  [1m[35m (0.1ms)[0m  [1m[34mSELECT "ar_internal_metadata"."value" FROM "ar_internal_metadata" WHERE "ar_internal_metadata"."key" = $1[0m  [["key", "environment"]]
  [1m[35m (0.2ms)[0m  [1m[34mSELECT "schema_migrations"."version" FROM "schema_migrations" ORDER BY "schema_migrations"."version" ASC[0m
  [1m[35m (0.2ms)[0m  [1m[34mSELECT "ar_internal_metadata"."value" FROM "ar_internal_metadata" WHERE "ar_internal_metadata"."key" = $1[0m  [["key", "environment"]]
  [1m[35mSQL (0.6ms)[0m  [1m[35mCREATE EXTENSION IF NOT EXISTS "plpgsql"[0m
  [1m[35m (2.6ms)[0m  [1m[35mDROP TABLE IF EXISTS "freelance_documents" CASCADE[0m
  [1m[35m (10.2ms)[0m  [1m[35mCREATE TABLE "freelance_documents" ("id" bigserial primary key, "tittle" character varying, "description" character varying, "file_url" text, "image_url" text, "created_at" timestamp NOT NULL, "updated_at" timestamp NOT NULL)[0m
  [1m[35m (0.6ms)[0m  [1m[34mSELECT "schema_migrations"."version" FROM "schema_migrations" ORDER BY "schema_migrations"."version" ASC[0m
  [1m[36mActiveRecord::InternalMetadata Load (0.2ms)[0m  [1m[34mSELECT  "ar_internal_metadata".* FROM "ar_internal_metadata" WHERE "ar_internal_metadata"."key" = $1 LIMIT $2[0m  [["key", "environment"], ["LIMIT", 1]]
  [1m[35m (0.2ms)[0m  [1m[35mBEGIN[0m
  [1m[35m (0.1ms)[0m  [1m[35mCOMMIT[0m
  [1m[36mActiveRecord::InternalMetadata Load (0.2ms)[0m  [1m[34mSELECT  "ar_internal_metadata".* FROM "ar_internal_metadata" WHERE "ar_internal_metadata"."key" = $1 LIMIT $2[0m  [["key", "environment"], ["LIMIT", 1]]
  [1m[35m (0.1ms)[0m  [1m[35mBEGIN[0m
  [1m[35m (0.1ms)[0m  [1m[35mCOMMIT[0m
  [1m[35mSQL (0.2ms)[0m  [1m[35mCREATE EXTENSION IF NOT EXISTS "plpgsql"[0m
  [1m[35m (2.7ms)[0m  [1m[35mDROP TABLE IF EXISTS "freelance_documents" CASCADE[0m
  [1m[35m (12.3ms)[0m  [1m[35mCREATE TABLE "freelance_documents" ("id" bigserial primary key, "tittle" character varying, "description" character varying, "file_url" text, "image_url" text, "created_at" timestamp NOT NULL, "updated_at" timestamp NOT NULL)[0m
  [1m[35m (9.0ms)[0m  [1m[35mCREATE TABLE "schema_migrations" ("version" character varying NOT NULL PRIMARY KEY)[0m
  [1m[35m (0.5ms)[0m  [1m[34mSELECT "schema_migrations"."version" FROM "schema_migrations" ORDER BY "schema_migrations"."version" ASC[0m
  [1m[35m (1.0ms)[0m  [1m[32mINSERT INTO "schema_migrations" (version) VALUES (20180906071257)[0m
  [1m[35m (7.8ms)[0m  [1m[35mCREATE TABLE "ar_internal_metadata" ("key" character varying NOT NULL PRIMARY KEY, "value" character varying, "created_at" timestamp NOT NULL, "updated_at" timestamp NOT NULL)[0m
  [1m[36mActiveRecord::InternalMetadata Load (0.2ms)[0m  [1m[34mSELECT  "ar_internal_metadata".* FROM "ar_internal_metadata" WHERE "ar_internal_metadata"."key" = $1 LIMIT $2[0m  [["key", "environment"], ["LIMIT", 1]]
  [1m[35m (0.1ms)[0m  [1m[35mBEGIN[0m
  [1m[35mSQL (0.2ms)[0m  [1m[32mINSERT INTO "ar_internal_metadata" ("key", "value", "created_at", "updated_at") VALUES ($1, $2, $3, $4) RETURNING "key"[0m  [["key", "environment"], ["value", "development"], ["created_at", "2018-09-06 07:29:02.065894"], ["updated_at", "2018-09-06 07:29:02.065894"]]
  [1m[35m (0.8ms)[0m  [1m[35mCOMMIT[0m
  [1m[36mActiveRecord::InternalMetadata Load (0.2ms)[0m  [1m[34mSELECT  "ar_internal_metadata".* FROM "ar_internal_metadata" WHERE "ar_internal_metadata"."key" = $1 LIMIT $2[0m  [["key", "environment"], ["LIMIT", 1]]
  [1m[35m (0.1ms)[0m  [1m[35mBEGIN[0m
  [1m[35mSQL (0.2ms)[0m  [1m[33mUPDATE "ar_internal_metadata" SET "value" = $1, "updated_at" = $2 WHERE "ar_internal_metadata"."key" = $3[0m  [["value", "test"], ["updated_at", "2018-09-06 07:29:02.069037"], ["key", "environment"]]
  [1m[35m (0.7ms)[0m  [1m[35mCOMMIT[0m
  [1m[35m (0.5ms)[0m  [1m[34mSELECT "schema_migrations"."version" FROM "schema_migrations" ORDER BY "schema_migrations"."version" ASC[0m
  [1m[35m (0.5ms)[0m  [1m[34mSELECT "schema_migrations"."version" FROM "schema_migrations" ORDER BY "schema_migrations"."version" ASC[0m
  [1m[35m (0.4ms)[0m  [1m[34mSELECT "ar_internal_metadata"."value" FROM "ar_internal_metadata" WHERE "ar_internal_metadata"."key" = $1[0m  [["key", "environment"]]
  [1m[35m (0.2ms)[0m  [1m[34mSELECT "schema_migrations"."version" FROM "schema_migrations" ORDER BY "schema_migrations"."version" ASC[0m
  [1m[35m (0.2ms)[0m  [1m[34mSELECT "ar_internal_metadata"."value" FROM "ar_internal_metadata" WHERE "ar_internal_metadata"."key" = $1[0m  [["key", "environment"]]
  [1m[35m (0.2ms)[0m  [1m[34mSELECT "schema_migrations"."version" FROM "schema_migrations" ORDER BY "schema_migrations"."version" ASC[0m
  [1m[35m (0.1ms)[0m  [1m[34mSELECT "ar_internal_metadata"."value" FROM "ar_internal_metadata" WHERE "ar_internal_metadata"."key" = $1[0m  [["key", "environment"]]
  [1m[35mSQL (0.2ms)[0m  [1m[35mCREATE EXTENSION IF NOT EXISTS "plpgsql"[0m
  [1m[35m (3.2ms)[0m  [1m[35mDROP TABLE IF EXISTS "freelance_documents" CASCADE[0m
  [1m[35m (7.8ms)[0m  [1m[35mCREATE TABLE "freelance_documents" ("id" bigserial primary key, "tittle" character varying, "description" character varying, "file_url" text, "image_url" text, "created_at" timestamp NOT NULL, "updated_at" timestamp NOT NULL)[0m
  [1m[35m (0.5ms)[0m  [1m[34mSELECT "schema_migrations"."version" FROM "schema_migrations" ORDER BY "schema_migrations"."version" ASC[0m
  [1m[36mActiveRecord::InternalMetadata Load (0.2ms)[0m  [1m[34mSELECT  "ar_internal_metadata".* FROM "ar_internal_metadata" WHERE "ar_internal_metadata"."key" = $1 LIMIT $2[0m  [["key", "environment"], ["LIMIT", 1]]
  [1m[35m (0.2ms)[0m  [1m[35mBEGIN[0m
  [1m[35m (0.2ms)[0m  [1m[35mCOMMIT[0m
  [1m[36mActiveRecord::InternalMetadata Load (0.2ms)[0m  [1m[34mSELECT  "ar_internal_metadata".* FROM "ar_internal_metadata" WHERE "ar_internal_metadata"."key" = $1 LIMIT $2[0m  [["key", "environment"], ["LIMIT", 1]]
  [1m[35m (0.1ms)[0m  [1m[35mBEGIN[0m
  [1m[35m (0.1ms)[0m  [1m[35mCOMMIT[0m
  [1m[35mSQL (0.2ms)[0m  [1m[35mCREATE EXTENSION IF NOT EXISTS "plpgsql"[0m
  [1m[35m (3.1ms)[0m  [1m[35mDROP TABLE IF EXISTS "freelance_documents" CASCADE[0m
  [1m[35m (7.7ms)[0m  [1m[35mCREATE TABLE "freelance_documents" ("id" bigserial primary key, "tittle" character varying, "description" character varying, "file_url" text, "image_url" text, "created_at" timestamp NOT NULL, "updated_at" timestamp NOT NULL)[0m
  [1m[35m (0.5ms)[0m  [1m[34mSELECT "schema_migrations"."version" FROM "schema_migrations" ORDER BY "schema_migrations"."version" ASC[0m
  [1m[36mActiveRecord::InternalMetadata Load (0.2ms)[0m  [1m[34mSELECT  "ar_internal_metadata".* FROM "ar_internal_metadata" WHERE "ar_internal_metadata"."key" = $1 LIMIT $2[0m  [["key", "environment"], ["LIMIT", 1]]
  [1m[35m (0.1ms)[0m  [1m[35mBEGIN[0m
  [1m[35mSQL (0.3ms)[0m  [1m[33mUPDATE "ar_internal_metadata" SET "value" = $1, "updated_at" = $2 WHERE "ar_internal_metadata"."key" = $3[0m  [["value", "development"], ["updated_at", "2018-09-06 07:29:24.293990"], ["key", "environment"]]
  [1m[35m (1.0ms)[0m  [1m[35mCOMMIT[0m
  [1m[36mActiveRecord::InternalMetadata Load (0.2ms)[0m  [1m[34mSELECT  "ar_internal_metadata".* FROM "ar_internal_metadata" WHERE "ar_internal_metadata"."key" = $1 LIMIT $2[0m  [["key", "environment"], ["LIMIT", 1]]
  [1m[35m (0.1ms)[0m  [1m[35mBEGIN[0m
  [1m[35mSQL (0.2ms)[0m  [1m[33mUPDATE "ar_internal_metadata" SET "value" = $1, "updated_at" = $2 WHERE "ar_internal_metadata"."key" = $3[0m  [["value", "test"], ["updated_at", "2018-09-06 07:29:24.297583"], ["key", "environment"]]
  [1m[35m (1.3ms)[0m  [1m[35mCOMMIT[0m
  [1m[35m (0.4ms)[0m  [1m[34mSELECT "schema_migrations"."version" FROM "schema_migrations" ORDER BY "schema_migrations"."version" ASC[0m
  [1m[35m (0.2ms)[0m  [1m[35mBEGIN[0m
  [1m[35mSQL (0.5ms)[0m  [1m[32mINSERT INTO "freelance_documents" ("tittle", "description", "file_url", "image_url", "created_at", "updated_at") VALUES ($1, $2, $3, $4, $5, $6) RETURNING "id"[0m  [["tittle", "Document 0"], ["description", "Lorem ipsum dolor sit amet consectetur adipisicing elit. Tempora aliquam quam explicabo repellat aspernatur, optio debitis beatae doloremque provident facere ipsum distinctio sapiente quo corporis laudantium? Esse quae ab sapiente."], ["file_url", "https://docs.google.com/document/d/1UUgAob6ZpivgkgCbMD84JMMRc1flrzCPKybtQoAfASo/edit?usp=sharing"], ["image_url", "https://s3.amazonaws.com/devcamp-static/images/freelance-img.jpg"], ["created_at", "2018-09-06 07:29:24.326357"], ["updated_at", "2018-09-06 07:29:24.326357"]]
  [1m[35m (2.1ms)[0m  [1m[35mCOMMIT[0m
  [1m[35m (0.1ms)[0m  [1m[35mBEGIN[0m
  [1m[35mSQL (0.3ms)[0m  [1m[32mINSERT INTO "freelance_documents" ("tittle", "description", "file_url", "image_url", "created_at", "updated_at") VALUES ($1, $2, $3, $4, $5, $6) RETURNING "id"[0m  [["tittle", "Document 1"], ["description", "Lorem ipsum dolor sit amet consectetur adipisicing elit. Tempora aliquam quam explicabo repellat aspernatur, optio debitis beatae doloremque provident facere ipsum distinctio sapiente quo corporis laudantium? Esse quae ab sapiente."], ["file_url", "https://docs.google.com/document/d/1UUgAob6ZpivgkgCbMD84JMMRc1flrzCPKybtQoAfASo/edit?usp=sharing"], ["image_url", "https://s3.amazonaws.com/devcamp-static/images/freelance-img.jpg"], ["created_at", "2018-09-06 07:29:24.330521"], ["updated_at", "2018-09-06 07:29:24.330521"]]
  [1m[35m (1.0ms)[0m  [1m[35mCOMMIT[0m
  [1m[35m (0.2ms)[0m  [1m[35mBEGIN[0m
  [1m[35mSQL (0.3ms)[0m  [1m[32mINSERT INTO "freelance_documents" ("tittle", "description", "file_url", "image_url", "created_at", "updated_at") VALUES ($1, $2, $3, $4, $5, $6) RETURNING "id"[0m  [["tittle", "Document 2"], ["description", "Lorem ipsum dolor sit amet consectetur adipisicing elit. Tempora aliquam quam explicabo repellat aspernatur, optio debitis beatae doloremque provident facere ipsum distinctio sapiente quo corporis laudantium? Esse quae ab sapiente."], ["file_url", "https://docs.google.com/document/d/1UUgAob6ZpivgkgCbMD84JMMRc1flrzCPKybtQoAfASo/edit?usp=sharing"], ["image_url", "https://s3.amazonaws.com/devcamp-static/images/freelance-img.jpg"], ["created_at", "2018-09-06 07:29:24.332902"], ["updated_at", "2018-09-06 07:29:24.332902"]]
  [1m[35m (1.0ms)[0m  [1m[35mCOMMIT[0m
  [1m[35m (0.1ms)[0m  [1m[35mBEGIN[0m
  [1m[35mSQL (0.3ms)[0m  [1m[32mINSERT INTO "freelance_documents" ("tittle", "description", "file_url", "image_url", "created_at", "updated_at") VALUES ($1, $2, $3, $4, $5, $6) RETURNING "id"[0m  [["tittle", "Document 3"], ["description", "Lorem ipsum dolor sit amet consectetur adipisicing elit. Tempora aliquam quam explicabo repellat aspernatur, optio debitis beatae doloremque provident facere ipsum distinctio sapiente quo corporis laudantium? Esse quae ab sapiente."], ["file_url", "https://docs.google.com/document/d/1UUgAob6ZpivgkgCbMD84JMMRc1flrzCPKybtQoAfASo/edit?usp=sharing"], ["image_url", "https://s3.amazonaws.com/devcamp-static/images/freelance-img.jpg"], ["created_at", "2018-09-06 07:29:24.335099"], ["updated_at", "2018-09-06 07:29:24.335099"]]
  [1m[35m (1.1ms)[0m  [1m[35mCOMMIT[0m
  [1m[35m (0.1ms)[0m  [1m[35mBEGIN[0m
  [1m[35mSQL (0.2ms)[0m  [1m[32mINSERT INTO "freelance_documents" ("tittle", "description", "file_url", "image_url", "created_at", "updated_at") VALUES ($1, $2, $3, $4, $5, $6) RETURNING "id"[0m  [["tittle", "Document 4"], ["description", "Lorem ipsum dolor sit amet consectetur adipisicing elit. Tempora aliquam quam explicabo repellat aspernatur, optio debitis beatae doloremque provident facere ipsum distinctio sapiente quo corporis laudantium? Esse quae ab sapiente."], ["file_url", "https://docs.google.com/document/d/1UUgAob6ZpivgkgCbMD84JMMRc1flrzCPKybtQoAfASo/edit?usp=sharing"], ["image_url", "https://s3.amazonaws.com/devcamp-static/images/freelance-img.jpg"], ["created_at", "2018-09-06 07:29:24.337397"], ["updated_at", "2018-09-06 07:29:24.337397"]]
  [1m[35m (2.1ms)[0m  [1m[35mCOMMIT[0m
  [1m[35m (0.2ms)[0m  [1m[35mBEGIN[0m
  [1m[35mSQL (0.3ms)[0m  [1m[32mINSERT INTO "freelance_documents" ("tittle", "description", "file_url", "image_url", "created_at", "updated_at") VALUES ($1, $2, $3, $4, $5, $6) RETURNING "id"[0m  [["tittle", "Document 5"], ["description", "Lorem ipsum dolor sit amet consectetur adipisicing elit. Tempora aliquam quam explicabo repellat aspernatur, optio debitis beatae doloremque provident facere ipsum distinctio sapiente quo corporis laudantium? Esse quae ab sapiente."], ["file_url", "https://docs.google.com/document/d/1UUgAob6ZpivgkgCbMD84JMMRc1flrzCPKybtQoAfASo/edit?usp=sharing"], ["image_url", "https://s3.amazonaws.com/devcamp-static/images/freelance-img.jpg"], ["created_at", "2018-09-06 07:29:24.340671"], ["updated_at", "2018-09-06 07:29:24.340671"]]
  [1m[35m (1.0ms)[0m  [1m[35mCOMMIT[0m
  [1m[35m (0.1ms)[0m  [1m[35mBEGIN[0m
  [1m[35mSQL (0.2ms)[0m  [1m[32mINSERT INTO "freelance_documents" ("tittle", "description", "file_url", "image_url", "created_at", "updated_at") VALUES ($1, $2, $3, $4, $5, $6) RETURNING "id"[0m  [["tittle", "Document 6"], ["description", "Lorem ipsum dolor sit amet consectetur adipisicing elit. Tempora aliquam quam explicabo repellat aspernatur, optio debitis beatae doloremque provident facere ipsum distinctio sapiente quo corporis laudantium? Esse quae ab sapiente."], ["file_url", "https://docs.google.com/document/d/1UUgAob6ZpivgkgCbMD84JMMRc1flrzCPKybtQoAfASo/edit?usp=sharing"], ["image_url", "https://s3.amazonaws.com/devcamp-static/images/freelance-img.jpg"], ["created_at", "2018-09-06 07:29:24.342874"], ["updated_at", "2018-09-06 07:29:24.342874"]]
  [1m[35m (1.0ms)[0m  [1m[35mCOMMIT[0m
  [1m[35m (0.1ms)[0m  [1m[35mBEGIN[0m
  [1m[35mSQL (0.2ms)[0m  [1m[32mINSERT INTO "freelance_documents" ("tittle", "description", "file_url", "image_url", "created_at", "updated_at") VALUES ($1, $2, $3, $4, $5, $6) RETURNING "id"[0m  [["tittle", "Document 7"], ["description", "Lorem ipsum dolor sit amet consectetur adipisicing elit. Tempora aliquam quam explicabo repellat aspernatur, optio debitis beatae doloremque provident facere ipsum distinctio sapiente quo corporis laudantium? Esse quae ab sapiente."], ["file_url", "https://docs.google.com/document/d/1UUgAob6ZpivgkgCbMD84JMMRc1flrzCPKybtQoAfASo/edit?usp=sharing"], ["image_url", "https://s3.amazonaws.com/devcamp-static/images/freelance-img.jpg"], ["created_at", "2018-09-06 07:29:24.345106"], ["updated_at", "2018-09-06 07:29:24.345106"]]
  [1m[35m (1.0ms)[0m  [1m[35mCOMMIT[0m
  [1m[35m (0.1ms)[0m  [1m[35mBEGIN[0m
  [1m[35mSQL (0.2ms)[0m  [1m[32mINSERT INTO "freelance_documents" ("tittle", "description", "file_url", "image_url", "created_at", "updated_at") VALUES ($1, $2, $3, $4, $5, $6) RETURNING "id"[0m  [["tittle", "Document 8"], ["description", "Lorem ipsum dolor sit amet consectetur adipisicing elit. Tempora aliquam quam explicabo repellat aspernatur, optio debitis beatae doloremque provident facere ipsum distinctio sapiente quo corporis laudantium? Esse quae ab sapiente."], ["file_url", "https://docs.google.com/document/d/1UUgAob6ZpivgkgCbMD84JMMRc1flrzCPKybtQoAfASo/edit?usp=sharing"], ["image_url", "https://s3.amazonaws.com/devcamp-static/images/freelance-img.jpg"], ["created_at", "2018-09-06 07:29:24.347335"], ["updated_at", "2018-09-06 07:29:24.347335"]]
  [1m[35m (2.0ms)[0m  [1m[35mCOMMIT[0m
  [1m[35m (0.1ms)[0m  [1m[35mBEGIN[0m
  [1m[35mSQL (0.3ms)[0m  [1m[32mINSERT INTO "freelance_documents" ("tittle", "description", "file_url", "image_url", "created_at", "updated_at") VALUES ($1, $2, $3, $4, $5, $6) RETURNING "id"[0m  [["tittle", "Document 9"], ["description", "Lorem ipsum dolor sit amet consectetur adipisicing elit. Tempora aliquam quam explicabo repellat aspernatur, optio debitis beatae doloremque provident facere ipsum distinctio sapiente quo corporis laudantium? Esse quae ab sapiente."], ["file_url", "https://docs.google.com/document/d/1UUgAob6ZpivgkgCbMD84JMMRc1flrzCPKybtQoAfASo/edit?usp=sharing"], ["image_url", "https://s3.amazonaws.com/devcamp-static/images/freelance-img.jpg"], ["created_at", "2018-09-06 07:29:24.350671"], ["updated_at", "2018-09-06 07:29:24.350671"]]
  [1m[35m (1.0ms)[0m  [1m[35mCOMMIT[0m
Started GET "/" for ::1 at 2018-09-06 09:30:27 +0200
  [1m[35m (0.5ms)[0m  [1m[34mSELECT "schema_migrations"."version" FROM "schema_migrations" ORDER BY "schema_migrations"."version" ASC[0m
Processing by Rails::WelcomeController#index as HTML
  Rendering /home/wojtek/.rbenv/versions/2.4.0/lib/ruby/gems/2.4.0/gems/railties-5.1.6/lib/rails/templates/rails/welcome/index.html.erb
  Rendered /home/wojtek/.rbenv/versions/2.4.0/lib/ruby/gems/2.4.0/gems/railties-5.1.6/lib/rails/templates/rails/welcome/index.html.erb (2.0ms)
Completed 200 OK in 6ms (Views: 4.7ms | ActiveRecord: 0.0ms)


Started GET "/favicon.ico" for ::1 at 2018-09-06 09:30:27 +0200
  
ActionController::RoutingError (No route matches [GET] "/favicon.ico"):
  
actionpack (5.1.6) lib/action_dispatch/middleware/debug_exceptions.rb:63:in `call'
actionpack (5.1.6) lib/action_dispatch/middleware/show_exceptions.rb:31:in `call'
railties (5.1.6) lib/rails/rack/logger.rb:36:in `call_app'
railties (5.1.6) lib/rails/rack/logger.rb:24:in `block in call'
activesupport (5.1.6) lib/active_support/tagged_logging.rb:69:in `block in tagged'
activesupport (5.1.6) lib/active_support/tagged_logging.rb:26:in `tagged'
activesupport (5.1.6) lib/active_support/tagged_logging.rb:69:in `tagged'
railties (5.1.6) lib/rails/rack/logger.rb:24:in `call'
actionpack (5.1.6) lib/action_dispatch/middleware/remote_ip.rb:79:in `call'
actionpack (5.1.6) lib/action_dispatch/middleware/request_id.rb:25:in `call'
rack (2.0.5) lib/rack/runtime.rb:22:in `call'
activesupport (5.1.6) lib/active_support/cache/strategy/local_cache_middleware.rb:27:in `call'
actionpack (5.1.6) lib/action_dispatch/middleware/executor.rb:12:in `call'
actionpack (5.1.6) lib/action_dispatch/middleware/static.rb:125:in `call'
rack (2.0.5) lib/rack/sendfile.rb:111:in `call'
railties (5.1.6) lib/rails/engine.rb:522:in `call'
puma (3.12.0) lib/puma/configuration.rb:225:in `call'
puma (3.12.0) lib/puma/server.rb:658:in `handle_request'
puma (3.12.0) lib/puma/server.rb:472:in `process_client'
puma (3.12.0) lib/puma/server.rb:332:in `block in run'
puma (3.12.0) lib/puma/thread_pool.rb:133:in `block in spawn_thread'
Started GET "/documents" for ::1 at 2018-09-06 09:30:33 +0200
  
ActionController::RoutingError (No route matches [GET] "/documents"):
  
actionpack (5.1.6) lib/action_dispatch/middleware/debug_exceptions.rb:63:in `call'
actionpack (5.1.6) lib/action_dispatch/middleware/show_exceptions.rb:31:in `call'
railties (5.1.6) lib/rails/rack/logger.rb:36:in `call_app'
railties (5.1.6) lib/rails/rack/logger.rb:24:in `block in call'
activesupport (5.1.6) lib/active_support/tagged_logging.rb:69:in `block in tagged'
activesupport (5.1.6) lib/active_support/tagged_logging.rb:26:in `tagged'
activesupport (5.1.6) lib/active_support/tagged_logging.rb:69:in `tagged'
railties (5.1.6) lib/rails/rack/logger.rb:24:in `call'
actionpack (5.1.6) lib/action_dispatch/middleware/remote_ip.rb:79:in `call'
actionpack (5.1.6) lib/action_dispatch/middleware/request_id.rb:25:in `call'
rack (2.0.5) lib/rack/runtime.rb:22:in `call'
activesupport (5.1.6) lib/active_support/cache/strategy/local_cache_middleware.rb:27:in `call'
actionpack (5.1.6) lib/action_dispatch/middleware/executor.rb:12:in `call'
actionpack (5.1.6) lib/action_dispatch/middleware/static.rb:125:in `call'
rack (2.0.5) lib/rack/sendfile.rb:111:in `call'
railties (5.1.6) lib/rails/engine.rb:522:in `call'
puma (3.12.0) lib/puma/configuration.rb:225:in `call'
puma (3.12.0) lib/puma/server.rb:658:in `handle_request'
puma (3.12.0) lib/puma/server.rb:472:in `process_client'
puma (3.12.0) lib/puma/server.rb:332:in `block in run'
puma (3.12.0) lib/puma/thread_pool.rb:133:in `block in spawn_thread'
Started GET "/freelance_documents" for ::1 at 2018-09-06 09:30:50 +0200
Processing by FreelanceDocumentsController#index as HTML
  [1m[36mFreelanceDocument Load (0.7ms)[0m  [1m[34mSELECT "freelance_documents".* FROM "freelance_documents"[0m
Completed 200 OK in 40ms (Views: 23.7ms | ActiveRecord: 11.9ms)


Started GET "/freelance_document/1" for ::1 at 2018-09-06 09:40:21 +0200
  
ActionController::RoutingError (No route matches [GET] "/freelance_document/1"):
  
actionpack (5.1.6) lib/action_dispatch/middleware/debug_exceptions.rb:63:in `call'
actionpack (5.1.6) lib/action_dispatch/middleware/show_exceptions.rb:31:in `call'
railties (5.1.6) lib/rails/rack/logger.rb:36:in `call_app'
railties (5.1.6) lib/rails/rack/logger.rb:24:in `block in call'
activesupport (5.1.6) lib/active_support/tagged_logging.rb:69:in `block in tagged'
activesupport (5.1.6) lib/active_support/tagged_logging.rb:26:in `tagged'
activesupport (5.1.6) lib/active_support/tagged_logging.rb:69:in `tagged'
railties (5.1.6) lib/rails/rack/logger.rb:24:in `call'
actionpack (5.1.6) lib/action_dispatch/middleware/remote_ip.rb:79:in `call'
actionpack (5.1.6) lib/action_dispatch/middleware/request_id.rb:25:in `call'
rack (2.0.5) lib/rack/runtime.rb:22:in `call'
activesupport (5.1.6) lib/active_support/cache/strategy/local_cache_middleware.rb:27:in `call'
actionpack (5.1.6) lib/action_dispatch/middleware/executor.rb:12:in `call'
actionpack (5.1.6) lib/action_dispatch/middleware/static.rb:125:in `call'
rack (2.0.5) lib/rack/sendfile.rb:111:in `call'
railties (5.1.6) lib/rails/engine.rb:522:in `call'
puma (3.12.0) lib/puma/configuration.rb:225:in `call'
puma (3.12.0) lib/puma/server.rb:658:in `handle_request'
puma (3.12.0) lib/puma/server.rb:472:in `process_client'
puma (3.12.0) lib/puma/server.rb:332:in `block in run'
puma (3.12.0) lib/puma/thread_pool.rb:133:in `block in spawn_thread'
Started GET "/freelance_documents/1" for ::1 at 2018-09-06 09:40:32 +0200
Processing by FreelanceDocumentsController#show as HTML
  Parameters: {"id"=>"1"}
  [1m[36mFreelanceDocument Load (0.4ms)[0m  [1m[34mSELECT  "freelance_documents".* FROM "freelance_documents" WHERE "freelance_documents"."id" = $1 LIMIT $2[0m  [["id", 1], ["LIMIT", 1]]
Completed 200 OK in 6ms (Views: 0.7ms | ActiveRecord: 0.8ms)


Started GET "/freelance_documents/2" for ::1 at 2018-09-06 09:40:39 +0200
Processing by FreelanceDocumentsController#show as HTML
  Parameters: {"id"=>"2"}
  [1m[36mFreelanceDocument Load (0.5ms)[0m  [1m[34mSELECT  "freelance_documents".* FROM "freelance_documents" WHERE "freelance_documents"."id" = $1 LIMIT $2[0m  [["id", 2], ["LIMIT", 1]]
Completed 200 OK in 5ms (Views: 0.6ms | ActiveRecord: 0.9ms)


